c:\users\ttzdg\documents\directx\shooting game\gamesamp.dee20689\x64\release\vc143.pdb
c:\users\ttzdg\documents\directx\shooting game\gamesamp.dee20689\x64\release\scene.obj
c:\users\ttzdg\documents\directx\shooting game\gamesamp.dee20689\x64\release\polygon.obj
c:\users\ttzdg\documents\directx\shooting game\gamesamp.dee20689\x64\release\player.obj
c:\users\ttzdg\documents\directx\shooting game\gamesamp.dee20689\x64\release\mouse.obj
c:\users\ttzdg\documents\directx\shooting game\gamesamp.dee20689\x64\release\main.obj
c:\users\ttzdg\documents\directx\shooting game\gamesamp.dee20689\x64\release\key_logger.obj
c:\users\ttzdg\documents\directx\shooting game\gamesamp.dee20689\x64\release\keyboard.obj
c:\users\ttzdg\documents\directx\shooting game\gamesamp.dee20689\x64\release\gamewindow.obj
c:\users\ttzdg\documents\directx\shooting game\gamesamp.dee20689\x64\release\game.obj
c:\users\ttzdg\documents\directx\shooting game\gamesamp.dee20689\x64\release\fade.obj
c:\users\ttzdg\documents\directx\shooting game\gamesamp.dee20689\x64\release\enemy_spawner.obj
c:\users\ttzdg\documents\directx\shooting game\gamesamp.dee20689\x64\release\enemy.obj
c:\users\ttzdg\documents\directx\shooting game\gamesamp.dee20689\x64\release\effect.obj
c:\users\ttzdg\documents\directx\shooting game\gamesamp.dee20689\x64\release\direct3d.obj
c:\users\ttzdg\documents\directx\shooting game\gamesamp.dee20689\x64\release\debug_text.obj
c:\users\ttzdg\documents\directx\shooting game\gamesamp.dee20689\x64\release\debug_ostream.obj
c:\users\ttzdg\documents\directx\shooting game\gamesamp.dee20689\x64\release\collision.obj
c:\users\ttzdg\documents\directx\shooting game\gamesamp.dee20689\x64\release\bullet.obj
c:\users\ttzdg\documents\directx\shooting game\gamesamp.dee20689\x64\release\bg.obj
c:\users\ttzdg\documents\directx\shooting game\gamesamp.dee20689\x64\release\audio.obj
c:\users\ttzdg\documents\directx\shooting game\gamesamp.dee20689\x64\release\wictextureloader11.obj
c:\users\ttzdg\documents\directx\shooting game\gamesamp.dee20689\x64\release\title.obj
c:\users\ttzdg\documents\directx\shooting game\gamesamp.dee20689\x64\release\texture.obj
c:\users\ttzdg\documents\directx\shooting game\gamesamp.dee20689\x64\release\system_timer.obj
c:\users\ttzdg\documents\directx\shooting game\gamesamp.dee20689\x64\release\sprite_anim.obj
c:\users\ttzdg\documents\directx\shooting game\gamesamp.dee20689\x64\release\sprite.obj
c:\users\ttzdg\documents\directx\shooting game\gamesamp.dee20689\x64\release\shader.obj
c:\users\ttzdg\documents\directx\shooting game\gamesamp.dee20689\x64\release\score.obj
c:\users\ttzdg\documents\directx\shooting game\gamesamp.dee20689\x64\release\map.obj
c:\users\ttzdg\documents\directx\shooting game\x64\release\shader_pixel_2d.cso
c:\users\ttzdg\documents\directx\shooting game\x64\release\shader_vertex_2d.cso
c:\users\ttzdg\documents\directx\shooting game\x64\release\gamesample_redesign01.exe
c:\users\ttzdg\documents\directx\shooting game\x64\release\gamesample_redesign01.pdb
c:\users\ttzdg\documents\directx\shooting game\gamesamp.dee20689\x64\release\gamesample_redesign01.ipdb
c:\users\ttzdg\documents\directx\shooting game\gamesamp.dee20689\x64\release\gamesample_redesign01.iobj
c:\users\ttzdg\documents\directx\shooting game\gamesamp.dee20689\x64\release\gamesamp.dee20689.tlog\cl.command.1.tlog
c:\users\ttzdg\documents\directx\shooting game\gamesamp.dee20689\x64\release\gamesamp.dee20689.tlog\cl.items.tlog
c:\users\ttzdg\documents\directx\shooting game\gamesamp.dee20689\x64\release\gamesamp.dee20689.tlog\cl.read.1.tlog
c:\users\ttzdg\documents\directx\shooting game\gamesamp.dee20689\x64\release\gamesamp.dee20689.tlog\cl.write.1.tlog
c:\users\ttzdg\documents\directx\shooting game\gamesamp.dee20689\x64\release\gamesamp.dee20689.tlog\fxc.command.1.tlog
c:\users\ttzdg\documents\directx\shooting game\gamesamp.dee20689\x64\release\gamesamp.dee20689.tlog\fxc.read.1.tlog
c:\users\ttzdg\documents\directx\shooting game\gamesamp.dee20689\x64\release\gamesamp.dee20689.tlog\fxc.write.1.tlog
c:\users\ttzdg\documents\directx\shooting game\gamesamp.dee20689\x64\release\gamesamp.dee20689.tlog\link.command.1.tlog
c:\users\ttzdg\documents\directx\shooting game\gamesamp.dee20689\x64\release\gamesamp.dee20689.tlog\link.read.1.tlog
c:\users\ttzdg\documents\directx\shooting game\gamesamp.dee20689\x64\release\gamesamp.dee20689.tlog\link.secondary.1.tlog
c:\users\ttzdg\documents\directx\shooting game\gamesamp.dee20689\x64\release\gamesamp.dee20689.tlog\link.write.1.tlog
