c:\users\ttzdg\documents\directx\gamesample_redesign01\gamesamp.dee20689\x64\debug\vc143.pdb
c:\users\ttzdg\documents\directx\gamesample_redesign01\gamesamp.dee20689\x64\debug\vc143.idb
c:\users\ttzdg\documents\directx\gamesample_redesign01\gamesamp.dee20689\x64\debug\wictextureloader11.obj
c:\users\ttzdg\documents\directx\gamesample_redesign01\gamesamp.dee20689\x64\debug\texture.obj
c:\users\ttzdg\documents\directx\gamesample_redesign01\gamesamp.dee20689\x64\debug\system_timer.obj
c:\users\ttzdg\documents\directx\gamesample_redesign01\gamesamp.dee20689\x64\debug\sprite_anim.obj
c:\users\ttzdg\documents\directx\gamesample_redesign01\gamesamp.dee20689\x64\debug\sprite.obj
c:\users\ttzdg\documents\directx\gamesample_redesign01\gamesamp.dee20689\x64\debug\shader.obj
c:\users\ttzdg\documents\directx\gamesample_redesign01\gamesamp.dee20689\x64\debug\polygon.obj
c:\users\ttzdg\documents\directx\gamesample_redesign01\gamesamp.dee20689\x64\debug\main.obj
c:\users\ttzdg\documents\directx\gamesample_redesign01\gamesamp.dee20689\x64\debug\direct3d.obj
c:\users\ttzdg\documents\directx\gamesample_redesign01\gamesamp.dee20689\x64\debug\debug_text.obj
c:\users\ttzdg\documents\directx\gamesample_redesign01\gamesamp.dee20689\x64\debug\debug_ostream.obj
c:\users\ttzdg\documents\directx\gamesample_redesign01\gamesamp.dee20689\x64\debug\gamewindow.obj
c:\users\ttzdg\documents\directx\gamesample_redesign01\x64\debug\shader_pixel_2d.cso
c:\users\ttzdg\documents\directx\gamesample_redesign01\x64\debug\shader_vertex_2d.cso
c:\users\ttzdg\documents\directx\gamesample_redesign01\x64\debug\gamesample_redesign01.exe
c:\users\ttzdg\documents\directx\gamesample_redesign01\x64\debug\gamesample_redesign01.pdb
c:\users\ttzdg\documents\directx\gamesample_redesign01\gamesamp.dee20689\x64\debug\gamesample_redesign01.ilk
c:\users\ttzdg\documents\directx\gamesample_redesign01\gamesamp.dee20689\x64\debug\gamesamp.dee20689.tlog\cl.command.1.tlog
c:\users\ttzdg\documents\directx\gamesample_redesign01\gamesamp.dee20689\x64\debug\gamesamp.dee20689.tlog\cl.items.tlog
c:\users\ttzdg\documents\directx\gamesample_redesign01\gamesamp.dee20689\x64\debug\gamesamp.dee20689.tlog\cl.read.1.tlog
c:\users\ttzdg\documents\directx\gamesample_redesign01\gamesamp.dee20689\x64\debug\gamesamp.dee20689.tlog\cl.write.1.tlog
c:\users\ttzdg\documents\directx\gamesample_redesign01\gamesamp.dee20689\x64\debug\gamesamp.dee20689.tlog\fxc.command.1.tlog
c:\users\ttzdg\documents\directx\gamesample_redesign01\gamesamp.dee20689\x64\debug\gamesamp.dee20689.tlog\fxc.read.1.tlog
c:\users\ttzdg\documents\directx\gamesample_redesign01\gamesamp.dee20689\x64\debug\gamesamp.dee20689.tlog\fxc.write.1.tlog
c:\users\ttzdg\documents\directx\gamesample_redesign01\gamesamp.dee20689\x64\debug\gamesamp.dee20689.tlog\link.command.1.tlog
c:\users\ttzdg\documents\directx\gamesample_redesign01\gamesamp.dee20689\x64\debug\gamesamp.dee20689.tlog\link.read.1.tlog
c:\users\ttzdg\documents\directx\gamesample_redesign01\gamesamp.dee20689\x64\debug\gamesamp.dee20689.tlog\link.secondary.1.tlog
c:\users\ttzdg\documents\directx\gamesample_redesign01\gamesamp.dee20689\x64\debug\gamesamp.dee20689.tlog\link.write.1.tlog
